{"C:\\Users\\mauri\\OneDrive\\Documentos\\Mau\\Programación\\tic-tac-toe\\src\\App.jsx": {"path":"C:\\Users\\mauri\\OneDrive\\Documentos\\Mau\\Programación\\tic-tac-toe\\src\\App.jsx","statementMap":{"0":{"start":{"line":16,"column":21},"end":{"line":24,"column":1}},"1":{"start":{"line":27,"column":29},"end":{"line":27,"column":35}},"2":{"start":{"line":29,"column":2},"end":{"line":29,"column":70}},"3":{"start":{"line":29,"column":35},"end":{"line":29,"column":70}},"4":{"start":{"line":31,"column":2},"end":{"line":31,"column":68}},"5":{"start":{"line":31,"column":34},"end":{"line":31,"column":68}},"6":{"start":{"line":33,"column":2},"end":{"line":33,"column":66}},"7":{"start":{"line":33,"column":33},"end":{"line":33,"column":66}},"8":{"start":{"line":35,"column":2},"end":{"line":35,"column":77}},"9":{"start":{"line":35,"column":39},"end":{"line":35,"column":77}},"10":{"start":{"line":37,"column":2},"end":{"line":37,"column":77}},"11":{"start":{"line":37,"column":39},"end":{"line":37,"column":77}},"12":{"start":{"line":39,"column":2},"end":{"line":39,"column":72}},"13":{"start":{"line":39,"column":36},"end":{"line":39,"column":72}},"14":{"start":{"line":41,"column":2},"end":{"line":41,"column":68}},"15":{"start":{"line":41,"column":34},"end":{"line":41,"column":68}},"16":{"start":{"line":43,"column":2},"end":{"line":43,"column":15}},"17":{"start":{"line":47,"column":19},"end":{"line":47,"column":27}},"18":{"start":{"line":48,"column":30},"end":{"line":48,"column":45}},"19":{"start":{"line":49,"column":28},"end":{"line":49,"column":61}},"20":{"start":{"line":50,"column":65},"end":{"line":50,"column":70}},"21":{"start":{"line":52,"column":20},"end":{"line":63,"column":3}},"22":{"start":{"line":53,"column":4},"end":{"line":53,"column":20}},"23":{"start":{"line":55,"column":4},"end":{"line":62,"column":13}},"24":{"start":{"line":56,"column":6},"end":{"line":56,"column":62}},"25":{"start":{"line":58,"column":6},"end":{"line":61,"column":15}},"26":{"start":{"line":59,"column":8},"end":{"line":59,"column":25}},"27":{"start":{"line":60,"column":8},"end":{"line":60,"column":64}},"28":{"start":{"line":65,"column":22},"end":{"line":89,"column":3}},"29":{"start":{"line":66,"column":4},"end":{"line":66,"column":40}},"30":{"start":{"line":66,"column":33},"end":{"line":66,"column":40}},"31":{"start":{"line":68,"column":21},"end":{"line":68,"column":31}},"32":{"start":{"line":69,"column":24},"end":{"line":69,"column":47}},"33":{"start":{"line":71,"column":4},"end":{"line":71,"column":33}},"34":{"start":{"line":72,"column":4},"end":{"line":72,"column":41}},"35":{"start":{"line":73,"column":4},"end":{"line":73,"column":36}},"36":{"start":{"line":75,"column":4},"end":{"line":84,"column":5}},"37":{"start":{"line":76,"column":6},"end":{"line":76,"column":17}},"38":{"start":{"line":77,"column":6},"end":{"line":77,"column":42}},"39":{"start":{"line":79,"column":6},"end":{"line":79,"column":18}},"40":{"start":{"line":81,"column":6},"end":{"line":81,"column":79}},"41":{"start":{"line":81,"column":31},"end":{"line":81,"column":79}},"42":{"start":{"line":83,"column":6},"end":{"line":83,"column":54}},"43":{"start":{"line":86,"column":4},"end":{"line":88,"column":5}},"44":{"start":{"line":87,"column":6},"end":{"line":87,"column":37}},"45":{"start":{"line":91,"column":22},"end":{"line":96,"column":3}},"46":{"start":{"line":92,"column":21},"end":{"line":92,"column":39}},"47":{"start":{"line":93,"column":4},"end":{"line":93,"column":31}},"48":{"start":{"line":94,"column":4},"end":{"line":94,"column":36}},"49":{"start":{"line":95,"column":4},"end":{"line":95,"column":33}},"50":{"start":{"line":98,"column":2},"end":{"line":148,"column":4}},"51":{"start":{"line":103,"column":12},"end":{"line":114,"column":17}},"52":{"start":{"line":105,"column":16},"end":{"line":112,"column":21}},"53":{"start":{"line":108,"column":33},"end":{"line":108,"column":54}}},"fnMap":{"0":{"name":"reducer","decl":{"start":{"line":26,"column":9},"end":{"line":26,"column":16}},"loc":{"start":{"line":26,"column":47},"end":{"line":44,"column":1}},"line":26},"1":{"name":"App","decl":{"start":{"line":46,"column":24},"end":{"line":46,"column":27}},"loc":{"start":{"line":46,"column":30},"end":{"line":149,"column":1}},"line":46},"2":{"name":"(anonymous_2)","decl":{"start":{"line":52,"column":20},"end":{"line":52,"column":21}},"loc":{"start":{"line":52,"column":26},"end":{"line":63,"column":3}},"line":52},"3":{"name":"(anonymous_3)","decl":{"start":{"line":55,"column":15},"end":{"line":55,"column":16}},"loc":{"start":{"line":55,"column":21},"end":{"line":62,"column":5}},"line":55},"4":{"name":"(anonymous_4)","decl":{"start":{"line":58,"column":17},"end":{"line":58,"column":18}},"loc":{"start":{"line":58,"column":23},"end":{"line":61,"column":7}},"line":58},"5":{"name":"(anonymous_5)","decl":{"start":{"line":65,"column":22},"end":{"line":65,"column":23}},"loc":{"start":{"line":65,"column":32},"end":{"line":89,"column":3}},"line":65},"6":{"name":"(anonymous_6)","decl":{"start":{"line":91,"column":22},"end":{"line":91,"column":23}},"loc":{"start":{"line":91,"column":28},"end":{"line":96,"column":3}},"line":91},"7":{"name":"(anonymous_7)","decl":{"start":{"line":102,"column":21},"end":{"line":102,"column":22}},"loc":{"start":{"line":103,"column":12},"end":{"line":114,"column":17}},"line":103},"8":{"name":"(anonymous_8)","decl":{"start":{"line":104,"column":27},"end":{"line":104,"column":28}},"loc":{"start":{"line":105,"column":16},"end":{"line":112,"column":21}},"line":105},"9":{"name":"(anonymous_9)","decl":{"start":{"line":108,"column":27},"end":{"line":108,"column":28}},"loc":{"start":{"line":108,"column":33},"end":{"line":108,"column":54}},"line":108}},"branchMap":{"0":{"loc":{"start":{"line":26,"column":17},"end":{"line":26,"column":37}},"type":"default-arg","locations":[{"start":{"line":26,"column":25},"end":{"line":26,"column":37}}],"line":26},"1":{"loc":{"start":{"line":29,"column":2},"end":{"line":29,"column":70}},"type":"if","locations":[{"start":{"line":29,"column":2},"end":{"line":29,"column":70}},{"start":{},"end":{}}],"line":29},"2":{"loc":{"start":{"line":31,"column":2},"end":{"line":31,"column":68}},"type":"if","locations":[{"start":{"line":31,"column":2},"end":{"line":31,"column":68}},{"start":{},"end":{}}],"line":31},"3":{"loc":{"start":{"line":33,"column":2},"end":{"line":33,"column":66}},"type":"if","locations":[{"start":{"line":33,"column":2},"end":{"line":33,"column":66}},{"start":{},"end":{}}],"line":33},"4":{"loc":{"start":{"line":35,"column":2},"end":{"line":35,"column":77}},"type":"if","locations":[{"start":{"line":35,"column":2},"end":{"line":35,"column":77}},{"start":{},"end":{}}],"line":35},"5":{"loc":{"start":{"line":37,"column":2},"end":{"line":37,"column":77}},"type":"if","locations":[{"start":{"line":37,"column":2},"end":{"line":37,"column":77}},{"start":{},"end":{}}],"line":37},"6":{"loc":{"start":{"line":39,"column":2},"end":{"line":39,"column":72}},"type":"if","locations":[{"start":{"line":39,"column":2},"end":{"line":39,"column":72}},{"start":{},"end":{}}],"line":39},"7":{"loc":{"start":{"line":41,"column":2},"end":{"line":41,"column":68}},"type":"if","locations":[{"start":{"line":41,"column":2},"end":{"line":41,"column":68}},{"start":{},"end":{}}],"line":41},"8":{"loc":{"start":{"line":66,"column":4},"end":{"line":66,"column":40}},"type":"if","locations":[{"start":{"line":66,"column":4},"end":{"line":66,"column":40}},{"start":{},"end":{}}],"line":66},"9":{"loc":{"start":{"line":66,"column":8},"end":{"line":66,"column":31}},"type":"binary-expr","locations":[{"start":{"line":66,"column":8},"end":{"line":66,"column":19}},{"start":{"line":66,"column":23},"end":{"line":66,"column":31}}],"line":66},"10":{"loc":{"start":{"line":69,"column":24},"end":{"line":69,"column":47}},"type":"cond-expr","locations":[{"start":{"line":69,"column":38},"end":{"line":69,"column":41}},{"start":{"line":69,"column":44},"end":{"line":69,"column":47}}],"line":69},"11":{"loc":{"start":{"line":75,"column":4},"end":{"line":84,"column":5}},"type":"if","locations":[{"start":{"line":75,"column":4},"end":{"line":84,"column":5}},{"start":{},"end":{}}],"line":75},"12":{"loc":{"start":{"line":81,"column":6},"end":{"line":81,"column":79}},"type":"if","locations":[{"start":{"line":81,"column":6},"end":{"line":81,"column":79}},{"start":{},"end":{}}],"line":81},"13":{"loc":{"start":{"line":86,"column":4},"end":{"line":88,"column":5}},"type":"if","locations":[{"start":{"line":86,"column":4},"end":{"line":88,"column":5}},{"start":{},"end":{}}],"line":86},"14":{"loc":{"start":{"line":142,"column":7},"end":{"line":146,"column":7}},"type":"binary-expr","locations":[{"start":{"line":142,"column":7},"end":{"line":142,"column":13}},{"start":{"line":143,"column":8},"end":{"line":145,"column":14}}],"line":142}},"s":{"0":1,"1":8,"2":8,"3":0,"4":8,"5":4,"6":4,"7":0,"8":4,"9":0,"10":4,"11":0,"12":4,"13":4,"14":0,"15":0,"16":0,"17":7,"18":7,"19":7,"20":7,"21":7,"22":0,"23":0,"24":0,"25":0,"26":0,"27":0,"28":7,"29":4,"30":0,"31":4,"32":4,"33":4,"34":4,"35":4,"36":4,"37":0,"38":0,"39":0,"40":0,"41":0,"42":0,"43":4,"44":0,"45":7,"46":0,"47":0,"48":0,"49":0,"50":7,"51":21,"52":63,"53":4},"f":{"0":8,"1":7,"2":0,"3":0,"4":0,"5":4,"6":0,"7":21,"8":63,"9":4},"b":{"0":[0],"1":[0,8],"2":[4,4],"3":[0,4],"4":[0,4],"5":[0,4],"6":[4,0],"7":[0,0],"8":[0,4],"9":[4,4],"10":[2,2],"11":[0,4],"12":[0,0],"13":[0,4],"14":[7,0]},"_coverageSchema":"1a1c01bbd47fc00a2c39e90264f33305004495a9","hash":"c2e41c7dab0ceb950f1409279dbd48c6d859014c"}
,"C:\\Users\\mauri\\OneDrive\\Documentos\\Mau\\Programación\\tic-tac-toe\\src\\store\\actions.js": {"path":"C:\\Users\\mauri\\OneDrive\\Documentos\\Mau\\Programación\\tic-tac-toe\\src\\store\\actions.js","statementMap":{"0":{"start":{"line":1,"column":27},"end":{"line":4,"column":2}},"1":{"start":{"line":1,"column":39},"end":{"line":4,"column":1}},"2":{"start":{"line":6,"column":28},"end":{"line":9,"column":2}},"3":{"start":{"line":6,"column":40},"end":{"line":9,"column":1}},"4":{"start":{"line":11,"column":26},"end":{"line":14,"column":2}},"5":{"start":{"line":11,"column":38},"end":{"line":14,"column":1}},"6":{"start":{"line":16,"column":29},"end":{"line":19,"column":2}},"7":{"start":{"line":16,"column":41},"end":{"line":19,"column":1}},"8":{"start":{"line":21,"column":31},"end":{"line":24,"column":2}},"9":{"start":{"line":21,"column":43},"end":{"line":24,"column":1}},"10":{"start":{"line":26,"column":31},"end":{"line":29,"column":2}},"11":{"start":{"line":26,"column":43},"end":{"line":29,"column":1}},"12":{"start":{"line":31,"column":27},"end":{"line":34,"column":2}},"13":{"start":{"line":31,"column":39},"end":{"line":34,"column":1}}},"fnMap":{"0":{"name":"(anonymous_0)","decl":{"start":{"line":1,"column":27},"end":{"line":1,"column":28}},"loc":{"start":{"line":1,"column":39},"end":{"line":4,"column":1}},"line":1},"1":{"name":"(anonymous_1)","decl":{"start":{"line":6,"column":28},"end":{"line":6,"column":29}},"loc":{"start":{"line":6,"column":40},"end":{"line":9,"column":1}},"line":6},"2":{"name":"(anonymous_2)","decl":{"start":{"line":11,"column":26},"end":{"line":11,"column":27}},"loc":{"start":{"line":11,"column":38},"end":{"line":14,"column":1}},"line":11},"3":{"name":"(anonymous_3)","decl":{"start":{"line":16,"column":29},"end":{"line":16,"column":30}},"loc":{"start":{"line":16,"column":41},"end":{"line":19,"column":1}},"line":16},"4":{"name":"(anonymous_4)","decl":{"start":{"line":21,"column":31},"end":{"line":21,"column":32}},"loc":{"start":{"line":21,"column":43},"end":{"line":24,"column":1}},"line":21},"5":{"name":"(anonymous_5)","decl":{"start":{"line":26,"column":31},"end":{"line":26,"column":32}},"loc":{"start":{"line":26,"column":43},"end":{"line":29,"column":1}},"line":26},"6":{"name":"(anonymous_6)","decl":{"start":{"line":31,"column":27},"end":{"line":31,"column":28}},"loc":{"start":{"line":31,"column":39},"end":{"line":34,"column":1}},"line":31}},"branchMap":{},"s":{"0":1,"1":4,"2":1,"3":0,"4":1,"5":0,"6":1,"7":4,"8":1,"9":0,"10":1,"11":0,"12":1,"13":0},"f":{"0":4,"1":0,"2":0,"3":4,"4":0,"5":0,"6":0},"b":{},"_coverageSchema":"1a1c01bbd47fc00a2c39e90264f33305004495a9","hash":"8e5407b70bb9cfb550e2d49af4757f98eea1ea47"}
,"C:\\Users\\mauri\\OneDrive\\Documentos\\Mau\\Programación\\tic-tac-toe\\src\\utils\\index.js": {"path":"C:\\Users\\mauri\\OneDrive\\Documentos\\Mau\\Programación\\tic-tac-toe\\src\\utils\\index.js","statementMap":{"0":{"start":{"line":2,"column":2},"end":{"line":6,"column":4}},"1":{"start":{"line":10,"column":2},"end":{"line":22,"column":3}},"2":{"start":{"line":10,"column":15},"end":{"line":10,"column":16}},"3":{"start":{"line":11,"column":4},"end":{"line":13,"column":5}},"4":{"start":{"line":12,"column":6},"end":{"line":12,"column":18}},"5":{"start":{"line":15,"column":4},"end":{"line":21,"column":5}},"6":{"start":{"line":20,"column":6},"end":{"line":20,"column":18}},"7":{"start":{"line":24,"column":2},"end":{"line":24,"column":35}},"8":{"start":{"line":28,"column":2},"end":{"line":28,"column":66}},"9":{"start":{"line":32,"column":2},"end":{"line":35,"column":4}}},"fnMap":{"0":{"name":"createEmptyBoard","decl":{"start":{"line":1,"column":16},"end":{"line":1,"column":32}},"loc":{"start":{"line":1,"column":35},"end":{"line":7,"column":1}},"line":1},"1":{"name":"isWinner","decl":{"start":{"line":9,"column":16},"end":{"line":9,"column":24}},"loc":{"start":{"line":9,"column":40},"end":{"line":25,"column":1}},"line":9},"2":{"name":"isLineRow","decl":{"start":{"line":27,"column":16},"end":{"line":27,"column":25}},"loc":{"start":{"line":27,"column":39},"end":{"line":29,"column":1}},"line":27},"3":{"name":"isDiagonal","decl":{"start":{"line":31,"column":16},"end":{"line":31,"column":26}},"loc":{"start":{"line":31,"column":42},"end":{"line":36,"column":1}},"line":31}},"branchMap":{"0":{"loc":{"start":{"line":11,"column":4},"end":{"line":13,"column":5}},"type":"if","locations":[{"start":{"line":11,"column":4},"end":{"line":13,"column":5}},{"start":{},"end":{}}],"line":11},"1":{"loc":{"start":{"line":15,"column":4},"end":{"line":21,"column":5}},"type":"if","locations":[{"start":{"line":15,"column":4},"end":{"line":21,"column":5}},{"start":{},"end":{}}],"line":15},"2":{"loc":{"start":{"line":16,"column":6},"end":{"line":18,"column":27}},"type":"binary-expr","locations":[{"start":{"line":16,"column":6},"end":{"line":16,"column":27}},{"start":{"line":17,"column":6},"end":{"line":17,"column":27}},{"start":{"line":18,"column":6},"end":{"line":18,"column":27}}],"line":16},"3":{"loc":{"start":{"line":28,"column":9},"end":{"line":28,"column":65}},"type":"binary-expr","locations":[{"start":{"line":28,"column":9},"end":{"line":28,"column":25}},{"start":{"line":28,"column":29},"end":{"line":28,"column":45}},{"start":{"line":28,"column":49},"end":{"line":28,"column":65}}],"line":28},"4":{"loc":{"start":{"line":33,"column":4},"end":{"line":34,"column":77}},"type":"binary-expr","locations":[{"start":{"line":33,"column":5},"end":{"line":33,"column":26}},{"start":{"line":33,"column":30},"end":{"line":33,"column":51}},{"start":{"line":33,"column":55},"end":{"line":33,"column":76}},{"start":{"line":34,"column":5},"end":{"line":34,"column":26}},{"start":{"line":34,"column":30},"end":{"line":34,"column":51}},{"start":{"line":34,"column":55},"end":{"line":34,"column":76}}],"line":33}},"s":{"0":1,"1":4,"2":4,"3":12,"4":0,"5":12,"6":0,"7":4,"8":12,"9":4},"f":{"0":1,"1":4,"2":12,"3":4},"b":{"0":[0,12],"1":[0,12],"2":[12,4,0],"3":[12,3,0],"4":[4,2,0,4,2,0]},"_coverageSchema":"1a1c01bbd47fc00a2c39e90264f33305004495a9","hash":"dae8d8e7bb9c84299c0000f20b7448f9b4752242"}
}
