{"C:\\Users\\mauri\\OneDrive\\Documentos\\Mau\\Programación\\tic-tac-toe\\src\\App.jsx": {"path":"C:\\Users\\mauri\\OneDrive\\Documentos\\Mau\\Programación\\tic-tac-toe\\src\\App.jsx","statementMap":{"0":{"start":{"line":19,"column":23},"end":{"line":27,"column":3}},"1":{"start":{"line":29,"column":19},"end":{"line":29,"column":27}},"2":{"start":{"line":30,"column":28},"end":{"line":30,"column":61}},"3":{"start":{"line":31,"column":72},"end":{"line":31,"column":77}},"4":{"start":{"line":33,"column":20},"end":{"line":44,"column":3}},"5":{"start":{"line":34,"column":4},"end":{"line":34,"column":32}},"6":{"start":{"line":36,"column":4},"end":{"line":43,"column":13}},"7":{"start":{"line":37,"column":6},"end":{"line":37,"column":62}},"8":{"start":{"line":39,"column":6},"end":{"line":42,"column":15}},"9":{"start":{"line":40,"column":8},"end":{"line":40,"column":37}},"10":{"start":{"line":41,"column":8},"end":{"line":41,"column":64}},"11":{"start":{"line":46,"column":22},"end":{"line":70,"column":3}},"12":{"start":{"line":47,"column":4},"end":{"line":47,"column":40}},"13":{"start":{"line":47,"column":33},"end":{"line":47,"column":40}},"14":{"start":{"line":49,"column":21},"end":{"line":49,"column":31}},"15":{"start":{"line":50,"column":24},"end":{"line":50,"column":47}},"16":{"start":{"line":52,"column":4},"end":{"line":52,"column":33}},"17":{"start":{"line":53,"column":4},"end":{"line":53,"column":41}},"18":{"start":{"line":54,"column":4},"end":{"line":54,"column":36}},"19":{"start":{"line":56,"column":4},"end":{"line":65,"column":5}},"20":{"start":{"line":57,"column":6},"end":{"line":57,"column":17}},"21":{"start":{"line":58,"column":6},"end":{"line":58,"column":42}},"22":{"start":{"line":60,"column":6},"end":{"line":60,"column":18}},"23":{"start":{"line":62,"column":6},"end":{"line":62,"column":79}},"24":{"start":{"line":62,"column":31},"end":{"line":62,"column":79}},"25":{"start":{"line":64,"column":6},"end":{"line":64,"column":54}},"26":{"start":{"line":67,"column":4},"end":{"line":69,"column":5}},"27":{"start":{"line":68,"column":6},"end":{"line":68,"column":37}},"28":{"start":{"line":72,"column":22},"end":{"line":77,"column":3}},"29":{"start":{"line":73,"column":21},"end":{"line":73,"column":39}},"30":{"start":{"line":74,"column":4},"end":{"line":74,"column":31}},"31":{"start":{"line":75,"column":4},"end":{"line":75,"column":36}},"32":{"start":{"line":76,"column":4},"end":{"line":76,"column":33}},"33":{"start":{"line":79,"column":2},"end":{"line":131,"column":4}},"34":{"start":{"line":84,"column":12},"end":{"line":95,"column":17}},"35":{"start":{"line":86,"column":16},"end":{"line":93,"column":21}},"36":{"start":{"line":89,"column":33},"end":{"line":89,"column":54}}},"fnMap":{"0":{"name":"App","decl":{"start":{"line":18,"column":24},"end":{"line":18,"column":27}},"loc":{"start":{"line":18,"column":30},"end":{"line":132,"column":1}},"line":18},"1":{"name":"(anonymous_1)","decl":{"start":{"line":33,"column":20},"end":{"line":33,"column":21}},"loc":{"start":{"line":33,"column":26},"end":{"line":44,"column":3}},"line":33},"2":{"name":"(anonymous_2)","decl":{"start":{"line":36,"column":15},"end":{"line":36,"column":16}},"loc":{"start":{"line":36,"column":21},"end":{"line":43,"column":5}},"line":36},"3":{"name":"(anonymous_3)","decl":{"start":{"line":39,"column":17},"end":{"line":39,"column":18}},"loc":{"start":{"line":39,"column":23},"end":{"line":42,"column":7}},"line":39},"4":{"name":"(anonymous_4)","decl":{"start":{"line":46,"column":22},"end":{"line":46,"column":23}},"loc":{"start":{"line":46,"column":32},"end":{"line":70,"column":3}},"line":46},"5":{"name":"(anonymous_5)","decl":{"start":{"line":72,"column":22},"end":{"line":72,"column":23}},"loc":{"start":{"line":72,"column":28},"end":{"line":77,"column":3}},"line":72},"6":{"name":"(anonymous_6)","decl":{"start":{"line":83,"column":21},"end":{"line":83,"column":22}},"loc":{"start":{"line":84,"column":12},"end":{"line":95,"column":17}},"line":84},"7":{"name":"(anonymous_7)","decl":{"start":{"line":85,"column":27},"end":{"line":85,"column":28}},"loc":{"start":{"line":86,"column":16},"end":{"line":93,"column":21}},"line":86},"8":{"name":"(anonymous_8)","decl":{"start":{"line":89,"column":27},"end":{"line":89,"column":28}},"loc":{"start":{"line":89,"column":33},"end":{"line":89,"column":54}},"line":89}},"branchMap":{"0":{"loc":{"start":{"line":47,"column":4},"end":{"line":47,"column":40}},"type":"if","locations":[{"start":{"line":47,"column":4},"end":{"line":47,"column":40}},{"start":{},"end":{}}],"line":47},"1":{"loc":{"start":{"line":47,"column":8},"end":{"line":47,"column":31}},"type":"binary-expr","locations":[{"start":{"line":47,"column":8},"end":{"line":47,"column":19}},{"start":{"line":47,"column":23},"end":{"line":47,"column":31}}],"line":47},"2":{"loc":{"start":{"line":50,"column":24},"end":{"line":50,"column":47}},"type":"cond-expr","locations":[{"start":{"line":50,"column":38},"end":{"line":50,"column":41}},{"start":{"line":50,"column":44},"end":{"line":50,"column":47}}],"line":50},"3":{"loc":{"start":{"line":56,"column":4},"end":{"line":65,"column":5}},"type":"if","locations":[{"start":{"line":56,"column":4},"end":{"line":65,"column":5}},{"start":{},"end":{}}],"line":56},"4":{"loc":{"start":{"line":62,"column":6},"end":{"line":62,"column":79}},"type":"if","locations":[{"start":{"line":62,"column":6},"end":{"line":62,"column":79}},{"start":{},"end":{}}],"line":62},"5":{"loc":{"start":{"line":67,"column":4},"end":{"line":69,"column":5}},"type":"if","locations":[{"start":{"line":67,"column":4},"end":{"line":69,"column":5}},{"start":{},"end":{}}],"line":67},"6":{"loc":{"start":{"line":125,"column":7},"end":{"line":129,"column":7}},"type":"binary-expr","locations":[{"start":{"line":125,"column":7},"end":{"line":125,"column":12}},{"start":{"line":126,"column":8},"end":{"line":128,"column":14}}],"line":125}},"s":{"0":40,"1":40,"2":40,"3":40,"4":40,"5":3,"6":3,"7":1,"8":1,"9":1,"10":1,"11":40,"12":33,"13":2,"14":31,"15":31,"16":31,"17":31,"18":31,"19":31,"20":3,"21":3,"22":3,"23":3,"24":2,"25":1,"26":28,"27":1,"28":40,"29":1,"30":1,"31":1,"32":1,"33":40,"34":120,"35":360,"36":33},"f":{"0":40,"1":3,"2":1,"3":1,"4":33,"5":1,"6":120,"7":360,"8":33},"b":{"0":[2,31],"1":[33,33],"2":[14,17],"3":[3,28],"4":[2,1],"5":[1,27],"6":[40,3]},"_coverageSchema":"1a1c01bbd47fc00a2c39e90264f33305004495a9","hash":"7e39e09c956b408043454a6fe3d1e7eadd37f382"}
,"C:\\Users\\mauri\\OneDrive\\Documentos\\Mau\\Programación\\tic-tac-toe\\src\\store\\actions.js": {"path":"C:\\Users\\mauri\\OneDrive\\Documentos\\Mau\\Programación\\tic-tac-toe\\src\\store\\actions.js","statementMap":{"0":{"start":{"line":1,"column":27},"end":{"line":4,"column":2}},"1":{"start":{"line":1,"column":39},"end":{"line":4,"column":1}},"2":{"start":{"line":6,"column":28},"end":{"line":9,"column":2}},"3":{"start":{"line":6,"column":40},"end":{"line":9,"column":1}},"4":{"start":{"line":11,"column":26},"end":{"line":14,"column":2}},"5":{"start":{"line":11,"column":38},"end":{"line":14,"column":1}},"6":{"start":{"line":16,"column":29},"end":{"line":19,"column":2}},"7":{"start":{"line":16,"column":41},"end":{"line":19,"column":1}},"8":{"start":{"line":21,"column":31},"end":{"line":24,"column":2}},"9":{"start":{"line":21,"column":43},"end":{"line":24,"column":1}},"10":{"start":{"line":26,"column":31},"end":{"line":29,"column":2}},"11":{"start":{"line":26,"column":43},"end":{"line":29,"column":1}},"12":{"start":{"line":31,"column":27},"end":{"line":34,"column":2}},"13":{"start":{"line":31,"column":39},"end":{"line":34,"column":1}}},"fnMap":{"0":{"name":"(anonymous_0)","decl":{"start":{"line":1,"column":27},"end":{"line":1,"column":28}},"loc":{"start":{"line":1,"column":39},"end":{"line":4,"column":1}},"line":1},"1":{"name":"(anonymous_1)","decl":{"start":{"line":6,"column":28},"end":{"line":6,"column":29}},"loc":{"start":{"line":6,"column":40},"end":{"line":9,"column":1}},"line":6},"2":{"name":"(anonymous_2)","decl":{"start":{"line":11,"column":26},"end":{"line":11,"column":27}},"loc":{"start":{"line":11,"column":38},"end":{"line":14,"column":1}},"line":11},"3":{"name":"(anonymous_3)","decl":{"start":{"line":16,"column":29},"end":{"line":16,"column":30}},"loc":{"start":{"line":16,"column":41},"end":{"line":19,"column":1}},"line":16},"4":{"name":"(anonymous_4)","decl":{"start":{"line":21,"column":31},"end":{"line":21,"column":32}},"loc":{"start":{"line":21,"column":43},"end":{"line":24,"column":1}},"line":21},"5":{"name":"(anonymous_5)","decl":{"start":{"line":26,"column":31},"end":{"line":26,"column":32}},"loc":{"start":{"line":26,"column":43},"end":{"line":29,"column":1}},"line":26},"6":{"name":"(anonymous_6)","decl":{"start":{"line":31,"column":27},"end":{"line":31,"column":28}},"loc":{"start":{"line":31,"column":39},"end":{"line":34,"column":1}},"line":31}},"branchMap":{},"s":{"0":1,"1":32,"2":1,"3":4,"4":1,"5":1,"6":1,"7":32,"8":1,"9":2,"10":1,"11":1,"12":1,"13":4},"f":{"0":32,"1":4,"2":1,"3":32,"4":2,"5":1,"6":4},"b":{},"_coverageSchema":"1a1c01bbd47fc00a2c39e90264f33305004495a9","hash":"8e5407b70bb9cfb550e2d49af4757f98eea1ea47"}
,"C:\\Users\\mauri\\OneDrive\\Documentos\\Mau\\Programación\\tic-tac-toe\\src\\store\\reducer.js": {"path":"C:\\Users\\mauri\\OneDrive\\Documentos\\Mau\\Programación\\tic-tac-toe\\src\\store\\reducer.js","statementMap":{"0":{"start":{"line":2,"column":29},"end":{"line":2,"column":35}},"1":{"start":{"line":4,"column":2},"end":{"line":4,"column":70}},"2":{"start":{"line":4,"column":35},"end":{"line":4,"column":70}},"3":{"start":{"line":6,"column":2},"end":{"line":6,"column":68}},"4":{"start":{"line":6,"column":34},"end":{"line":6,"column":68}},"5":{"start":{"line":8,"column":2},"end":{"line":8,"column":66}},"6":{"start":{"line":8,"column":33},"end":{"line":8,"column":66}},"7":{"start":{"line":10,"column":2},"end":{"line":10,"column":77}},"8":{"start":{"line":10,"column":39},"end":{"line":10,"column":77}},"9":{"start":{"line":12,"column":2},"end":{"line":12,"column":77}},"10":{"start":{"line":12,"column":39},"end":{"line":12,"column":77}},"11":{"start":{"line":14,"column":2},"end":{"line":14,"column":72}},"12":{"start":{"line":14,"column":36},"end":{"line":14,"column":72}},"13":{"start":{"line":16,"column":2},"end":{"line":16,"column":68}},"14":{"start":{"line":16,"column":34},"end":{"line":16,"column":68}},"15":{"start":{"line":18,"column":2},"end":{"line":18,"column":15}}},"fnMap":{"0":{"name":"reducer","decl":{"start":{"line":1,"column":24},"end":{"line":1,"column":31}},"loc":{"start":{"line":1,"column":47},"end":{"line":19,"column":1}},"line":1}},"branchMap":{"0":{"loc":{"start":{"line":4,"column":2},"end":{"line":4,"column":70}},"type":"if","locations":[{"start":{"line":4,"column":2},"end":{"line":4,"column":70}},{"start":{},"end":{}}],"line":4},"1":{"loc":{"start":{"line":6,"column":2},"end":{"line":6,"column":68}},"type":"if","locations":[{"start":{"line":6,"column":2},"end":{"line":6,"column":68}},{"start":{},"end":{}}],"line":6},"2":{"loc":{"start":{"line":8,"column":2},"end":{"line":8,"column":66}},"type":"if","locations":[{"start":{"line":8,"column":2},"end":{"line":8,"column":66}},{"start":{},"end":{}}],"line":8},"3":{"loc":{"start":{"line":10,"column":2},"end":{"line":10,"column":77}},"type":"if","locations":[{"start":{"line":10,"column":2},"end":{"line":10,"column":77}},{"start":{},"end":{}}],"line":10},"4":{"loc":{"start":{"line":12,"column":2},"end":{"line":12,"column":77}},"type":"if","locations":[{"start":{"line":12,"column":2},"end":{"line":12,"column":77}},{"start":{},"end":{}}],"line":12},"5":{"loc":{"start":{"line":14,"column":2},"end":{"line":14,"column":72}},"type":"if","locations":[{"start":{"line":14,"column":2},"end":{"line":14,"column":72}},{"start":{},"end":{}}],"line":14},"6":{"loc":{"start":{"line":16,"column":2},"end":{"line":16,"column":68}},"type":"if","locations":[{"start":{"line":16,"column":2},"end":{"line":16,"column":68}},{"start":{},"end":{}}],"line":16}},"s":{"0":76,"1":76,"2":4,"3":72,"4":32,"5":40,"6":1,"7":39,"8":2,"9":37,"10":1,"11":36,"12":32,"13":4,"14":4,"15":0},"f":{"0":76},"b":{"0":[4,72],"1":[32,40],"2":[1,39],"3":[2,37],"4":[1,36],"5":[32,4],"6":[4,0]},"_coverageSchema":"1a1c01bbd47fc00a2c39e90264f33305004495a9","hash":"ad53a64cae40fa595a0587752d00aa7b461bbb04"}
,"C:\\Users\\mauri\\OneDrive\\Documentos\\Mau\\Programación\\tic-tac-toe\\src\\utils\\index.js": {"path":"C:\\Users\\mauri\\OneDrive\\Documentos\\Mau\\Programación\\tic-tac-toe\\src\\utils\\index.js","statementMap":{"0":{"start":{"line":2,"column":2},"end":{"line":6,"column":4}},"1":{"start":{"line":10,"column":2},"end":{"line":22,"column":3}},"2":{"start":{"line":10,"column":15},"end":{"line":10,"column":16}},"3":{"start":{"line":11,"column":4},"end":{"line":13,"column":5}},"4":{"start":{"line":12,"column":6},"end":{"line":12,"column":18}},"5":{"start":{"line":15,"column":4},"end":{"line":21,"column":5}},"6":{"start":{"line":20,"column":6},"end":{"line":20,"column":18}},"7":{"start":{"line":24,"column":2},"end":{"line":24,"column":35}},"8":{"start":{"line":28,"column":2},"end":{"line":28,"column":66}},"9":{"start":{"line":32,"column":2},"end":{"line":35,"column":4}}},"fnMap":{"0":{"name":"createEmptyBoard","decl":{"start":{"line":1,"column":16},"end":{"line":1,"column":32}},"loc":{"start":{"line":1,"column":35},"end":{"line":7,"column":1}},"line":1},"1":{"name":"isWinner","decl":{"start":{"line":9,"column":16},"end":{"line":9,"column":24}},"loc":{"start":{"line":9,"column":40},"end":{"line":25,"column":1}},"line":9},"2":{"name":"isLineRow","decl":{"start":{"line":27,"column":16},"end":{"line":27,"column":25}},"loc":{"start":{"line":27,"column":39},"end":{"line":29,"column":1}},"line":27},"3":{"name":"isDiagonal","decl":{"start":{"line":31,"column":16},"end":{"line":31,"column":26}},"loc":{"start":{"line":31,"column":42},"end":{"line":36,"column":1}},"line":31}},"branchMap":{"0":{"loc":{"start":{"line":11,"column":4},"end":{"line":13,"column":5}},"type":"if","locations":[{"start":{"line":11,"column":4},"end":{"line":13,"column":5}},{"start":{},"end":{}}],"line":11},"1":{"loc":{"start":{"line":15,"column":4},"end":{"line":21,"column":5}},"type":"if","locations":[{"start":{"line":15,"column":4},"end":{"line":21,"column":5}},{"start":{},"end":{}}],"line":15},"2":{"loc":{"start":{"line":16,"column":6},"end":{"line":18,"column":27}},"type":"binary-expr","locations":[{"start":{"line":16,"column":6},"end":{"line":16,"column":27}},{"start":{"line":17,"column":6},"end":{"line":17,"column":27}},{"start":{"line":18,"column":6},"end":{"line":18,"column":27}}],"line":16},"3":{"loc":{"start":{"line":28,"column":9},"end":{"line":28,"column":65}},"type":"binary-expr","locations":[{"start":{"line":28,"column":9},"end":{"line":28,"column":25}},{"start":{"line":28,"column":29},"end":{"line":28,"column":45}},{"start":{"line":28,"column":49},"end":{"line":28,"column":65}}],"line":28},"4":{"loc":{"start":{"line":33,"column":4},"end":{"line":34,"column":77}},"type":"binary-expr","locations":[{"start":{"line":33,"column":5},"end":{"line":33,"column":26}},{"start":{"line":33,"column":30},"end":{"line":33,"column":51}},{"start":{"line":33,"column":55},"end":{"line":33,"column":76}},{"start":{"line":34,"column":5},"end":{"line":34,"column":26}},{"start":{"line":34,"column":30},"end":{"line":34,"column":51}},{"start":{"line":34,"column":55},"end":{"line":34,"column":76}}],"line":33}},"s":{"0":41,"1":31,"2":31,"3":90,"4":0,"5":90,"6":2,"7":29,"8":90,"9":29},"f":{"0":41,"1":31,"2":90,"3":29},"b":{"0":[0,90],"1":[2,88],"2":[90,39,11],"3":[90,27,0],"4":[29,16,2,29,10,2]},"_coverageSchema":"1a1c01bbd47fc00a2c39e90264f33305004495a9","hash":"dae8d8e7bb9c84299c0000f20b7448f9b4752242"}
}
